<?xml version="1.0" encoding="UTF-8"?>
<testsuite name="comp1721.cwk2.Full" tests="9" skipped="0" failures="0" errors="0" timestamp="2022-05-26T07:59:29" hostname="LAPTOP-PVO5FBMP" time="0.105">
  <properties/>
  <testcase name="Fancy suit symbols used correctly" classname="comp1721.cwk2.Full" time="0.05"/>
  <testcase name="Full House detected correctly" classname="comp1721.cwk2.Full" time="0.005"/>
  <testcase name="Straight with high ace detected correctly" classname="comp1721.cwk2.Full" time="0.007"/>
  <testcase name="Flush detected correctly" classname="comp1721.cwk2.Full" time="0.005"/>
  <testcase name="Four of a Kind detected correctly" classname="comp1721.cwk2.Full" time="0.003"/>
  <testcase name="Pair detected correctly" classname="comp1721.cwk2.Full" time="0.004"/>
  <testcase name="Three of a Kind detected correctly" classname="comp1721.cwk2.Full" time="0.006"/>
  <testcase name="Straight detected correctly" classname="comp1721.cwk2.Full" time="0.007"/>
  <testcase name="Two Pairs detected correctly" classname="comp1721.cwk2.Full" time="0.005"/>
  <system-out><![CDATA[[1, 10, 11, 12, 13]
[10, 11, 12, 13, 1]
[1, 10, 11, 12, 13]
[]
[0, 0, 0, 0, 0]
[2, 3, 4, 5]
[2, 3, 4, 5, 0]
[2, 3, 4, 5, 6]
[2, 3, 4, 5, 6]
[2, 3, 4, 5, 6]
[1, 2, 3, 4, 5]
[1, 2, 3, 4, 5]
[1, 2, 3, 4, 5]
[2, 3, 4, 5, 7]
[2, 3, 4, 5, 7]
[2, 3, 4, 5, 7]
]]></system-out>
  <system-err><![CDATA[]]></system-err>
</testsuite>
